2025-03-21 17:04:07 - INFO - Запуск планового парсинга отзывов: 2025-03-21 17:04:07
2025-03-21 17:04:07 - INFO - Режим отладки: включен
2025-03-21 17:04:07 - INFO - Режим парсинга: в соответствии с настройками
2025-03-21 17:04:07 - INFO - Начинаем парсинг отзывов для 1 товаров
2025-03-21 17:04:07 - INFO - Парсинг URL: https://www.ozon.ru/product/prezervativy-unilatex-ultrathin-12-sht-3-sht-v-podarok-210502516/
2025-03-21 17:04:07 - INFO -   Режим: инкрементный
2025-03-21 17:04:07 - INFO -   Максимальное количество отзывов: 100
2025-03-21 17:04:07 - INFO - Запуск парсинга отзывов: https://www.ozon.ru/product/prezervativy-unilatex-ultrathin-12-sht-3-sht-v-podarok-210502516/
2025-03-21 17:04:07 - INFO - Режим: инкрементный
2025-03-21 17:04:07 - INFO - Максимальное количество отзывов: 100
2025-03-21 17:04:07 - INFO - ID продукта: 12
2025-03-21 17:04:07 - INFO - Дата последнего собранного отзыва: 21.03.2025
2025-03-21 17:04:07 - INFO - Количество сохраненных ID отзывов: 20
2025-03-21 17:04:08 - INFO - Антидетект скрипты успешно добавлены
2025-03-21 17:04:08 - INFO - Браузер и контекст успешно инициализированы
2025-03-21 17:04:08 - INFO - Переход напрямую на страницу отзывов: https://www.ozon.ru/product/prezervativy-unilatex-ultrathin-12-sht-3-sht-v-podarok-210502516/reviews/
2025-03-21 17:04:08 - INFO - Переход на страницу: https://www.ozon.ru/product/prezervativy-unilatex-ultrathin-12-sht-3-sht-v-podarok-210502516/reviews/
2025-03-21 17:04:20 - INFO - Имитация прокрутки страницы человеком
2025-03-21 17:04:27 - INFO - Обработка страницы отзывов #1
2025-03-21 17:04:27 - INFO - Сбор отзывов со страницы...
2025-03-21 17:04:27 - INFO - Найдено 31 элементов отзывов на странице
2025-03-21 17:04:27 - INFO - Успешно собрано 31 отзывов со страницы
2025-03-21 17:04:27 - INFO - Всего собрано отзывов: 11
2025-03-21 17:04:27 - INFO - Попытка перехода на следующую страницу отзывов
2025-03-21 17:04:27 - INFO - Поиск кнопки 'Дальше'...
2025-03-21 17:04:28 - INFO - Найдена кнопка 'Дальше' по селектору: div.b2122-a8:has-text("Дальше")
2025-03-21 17:04:28 - INFO - Нажимаю на кнопку 'Дальше'
2025-03-21 17:04:28 - INFO - Выполнен клик по кнопке 'Дальше'
2025-03-21 17:04:38 - INFO - Успешный переход на следующую страницу. Новый URL: https://www.ozon.ru/product/prezervativy-unilatex-ultrathin-12-sht-3-sht-v-podarok-210502516/reviews/?page=2&page_key=CJjD94gIEgwIy-7cvgYQuOGs8QEYBQ&sort=published_at_desc
2025-03-21 17:04:38 - INFO - Имитация прокрутки страницы человеком
2025-03-21 17:04:52 - INFO - Обновлены метаданные для продукта 12
2025-03-21 17:04:52 - INFO - Обновлены метаданные для продукта 12
2025-03-21 17:04:52 - INFO - Обновлены метаданные для продукта 12
2025-03-21 17:04:52 - INFO - Обновлены метаданные для продукта 12
2025-03-21 17:04:52 - INFO - Обновлены метаданные для продукта 12
2025-03-21 17:04:52 - INFO - Обновлены метаданные для продукта 12
2025-03-21 17:04:52 - INFO - Обновлены метаданные для продукта 12
2025-03-21 17:04:52 - INFO - Обновлены метаданные для продукта 12
2025-03-21 17:04:52 - INFO - Обновлены метаданные для продукта 12
2025-03-21 17:04:52 - INFO - Обновлены метаданные для продукта 12
2025-03-21 17:04:52 - INFO - Обновлены метаданные для продукта 12
2025-03-21 17:04:52 - INFO - Сохранено 11 новых отзывов из 11 собранных
2025-03-21 17:04:52 - INFO -   Собрано отзывов: 11
2025-03-21 17:04:57 - INFO - Парсинг завершен. Всего собрано 11 отзывов со всех товаров
2025-03-21 17:04:57 - INFO - Общее время выполнения: 49.85 секунд
2025-03-21 17:08:15 - INFO - Запуск планового парсинга отзывов: 2025-03-21 17:08:15
2025-03-21 17:08:15 - INFO - Режим отладки: включен
2025-03-21 17:08:15 - INFO - Режим парсинга: в соответствии с настройками
2025-03-21 17:08:15 - INFO - Начинаем парсинг отзывов для 1 товаров
2025-03-21 17:08:15 - INFO - Парсинг URL: https://www.ozon.ru/product/prezervativy-unilatex-ultrathin-12-sht-3-sht-v-podarok-210502516/
2025-03-21 17:08:15 - INFO -   Режим: инкрементный
2025-03-21 17:08:15 - INFO -   Максимальное количество отзывов: 100
2025-03-21 17:08:15 - INFO - Запуск парсинга отзывов: https://www.ozon.ru/product/prezervativy-unilatex-ultrathin-12-sht-3-sht-v-podarok-210502516/
2025-03-21 17:08:15 - INFO - Режим: инкрементный
2025-03-21 17:08:15 - INFO - Максимальное количество отзывов: 100
2025-03-21 17:08:15 - INFO - ID продукта: 12
2025-03-21 17:08:15 - INFO - Дата последнего собранного отзыва: 21.03.2025
2025-03-21 17:08:15 - INFO - Количество сохраненных ID отзывов: 20
2025-03-21 17:08:17 - INFO - Антидетект скрипты успешно добавлены
2025-03-21 17:08:17 - INFO - Браузер и контекст успешно инициализированы
2025-03-21 17:08:17 - INFO - Переход напрямую на страницу отзывов: https://www.ozon.ru/product/prezervativy-unilatex-ultrathin-12-sht-3-sht-v-podarok-210502516/reviews/
2025-03-21 17:08:17 - INFO - Переход на страницу: https://www.ozon.ru/product/prezervativy-unilatex-ultrathin-12-sht-3-sht-v-podarok-210502516/reviews/
2025-03-21 17:08:34 - INFO - Имитация прокрутки страницы человеком
2025-03-21 17:08:40 - INFO - Обработка страницы отзывов #1
2025-03-21 17:08:40 - INFO - Сбор отзывов со страницы...
2025-03-21 17:08:40 - INFO - Текущий URL при сборе отзывов: https://www.ozon.ru/product/prezervativy-unilatex-ultrathin-12-sht-3-sht-v-podarok-210502516/reviews/?__rr=1&abt_att=1
2025-03-21 17:08:42 - INFO - Найдены элементы отзывов на странице
2025-03-21 17:08:42 - INFO - Найдено 31 элементов с атрибутом data-review-uuid
2025-03-21 17:08:42 - INFO - Найдено 31 элементов отзывов на странице
2025-03-21 17:08:46 - INFO - Успешно собрано 31 отзывов со страницы
2025-03-21 17:08:46 - INFO - Всего собрано отзывов: 9
2025-03-21 17:08:46 - INFO - Попытка перехода на следующую страницу отзывов
2025-03-21 17:08:46 - INFO - Поиск кнопки 'Дальше'...
2025-03-21 17:08:46 - INFO - Найдена кнопка 'Дальше' по селектору: div.b2122-a8:has-text("Дальше")
2025-03-21 17:08:46 - INFO - Нажимаю на кнопку 'Дальше'
2025-03-21 17:08:47 - INFO - Выполнен клик по кнопке 'Дальше'
2025-03-21 17:08:59 - INFO - Успешный переход на следующую страницу. Новый URL: https://www.ozon.ru/product/prezervativy-unilatex-ultrathin-12-sht-3-sht-v-podarok-210502516/reviews/?page=2&page_key=CJjD94gIEgwIy-7cvgYQuOGs8QEYBQ&sort=published_at_desc
2025-03-21 17:08:59 - INFO - Имитация прокрутки страницы человеком
2025-03-21 17:09:11 - INFO - Обновлены метаданные для продукта 12
2025-03-21 17:09:11 - INFO - Обновлены метаданные для продукта 12
2025-03-21 17:09:11 - INFO - Обновлены метаданные для продукта 12
2025-03-21 17:09:11 - INFO - Обновлены метаданные для продукта 12
2025-03-21 17:09:11 - INFO - Обновлены метаданные для продукта 12
2025-03-21 17:09:11 - INFO - Обновлены метаданные для продукта 12
2025-03-21 17:09:11 - INFO - Сохранено 6 новых отзывов из 9 собранных
2025-03-21 17:09:11 - INFO -   Собрано отзывов: 9
2025-03-21 17:09:16 - INFO - Парсинг завершен. Всего собрано 9 отзывов со всех товаров
2025-03-21 17:09:16 - INFO - Общее время выполнения: 61.13 секунд
2025-03-21 17:11:44 - INFO - Запуск планового парсинга отзывов: 2025-03-21 17:11:44
2025-03-21 17:11:44 - INFO - Режим отладки: включен
2025-03-21 17:11:44 - INFO - Режим парсинга: в соответствии с настройками
2025-03-21 17:11:44 - INFO - Начинаем парсинг отзывов для 1 товаров
2025-03-21 17:11:44 - INFO - Создан файл метаданных: data/reviews/metadata.json
2025-03-21 17:11:44 - INFO - Парсинг URL: https://www.ozon.ru/product/prezervativy-unilatex-ultrathin-12-sht-3-sht-v-podarok-210502516/
2025-03-21 17:11:44 - INFO -   Режим: инкрементный
2025-03-21 17:11:44 - INFO -   Максимальное количество отзывов: 100
2025-03-21 17:11:44 - INFO - Запуск парсинга отзывов: https://www.ozon.ru/product/prezervativy-unilatex-ultrathin-12-sht-3-sht-v-podarok-210502516/
2025-03-21 17:11:44 - INFO - Режим: инкрементный
2025-03-21 17:11:44 - INFO - Максимальное количество отзывов: 100
2025-03-21 17:11:44 - INFO - ID продукта: 12
2025-03-21 17:11:44 - INFO - Нет данных о предыдущих отзывах, выполняем полный парсинг
2025-03-21 17:11:45 - INFO - Антидетект скрипты успешно добавлены
2025-03-21 17:11:45 - INFO - Браузер и контекст успешно инициализированы
2025-03-21 17:11:45 - INFO - Переход напрямую на страницу отзывов: https://www.ozon.ru/product/prezervativy-unilatex-ultrathin-12-sht-3-sht-v-podarok-210502516/reviews/
2025-03-21 17:11:45 - INFO - Переход на страницу: https://www.ozon.ru/product/prezervativy-unilatex-ultrathin-12-sht-3-sht-v-podarok-210502516/reviews/
2025-03-21 17:12:01 - INFO - Имитация прокрутки страницы человеком
2025-03-21 17:12:09 - INFO - Обработка страницы отзывов #1
2025-03-21 17:12:09 - INFO - Сбор отзывов со страницы...
2025-03-21 17:12:09 - INFO - Текущий URL при сборе отзывов: https://www.ozon.ru/product/prezervativy-unilatex-ultrathin-12-sht-3-sht-v-podarok-210502516/reviews/?__rr=1&abt_att=1
2025-03-21 17:12:11 - INFO - Найдены элементы отзывов на странице
2025-03-21 17:12:11 - INFO - Найдено 31 элементов с атрибутом data-review-uuid
2025-03-21 17:12:11 - INFO - Найдено 31 элементов отзывов на странице
2025-03-21 17:12:16 - INFO - Успешно собрано 31 отзывов со страницы
2025-03-21 17:12:16 - INFO - Собрано 31 отзывов на странице #1
2025-03-21 17:12:16 - INFO - Попытка перехода на следующую страницу отзывов
2025-03-21 17:12:16 - INFO - Поиск кнопки 'Дальше'...
2025-03-21 17:12:16 - INFO - Найдена кнопка 'Дальше' по селектору: div.b2122-a8:has-text("Дальше")
2025-03-21 17:12:16 - INFO - Нажимаю на кнопку 'Дальше'
2025-03-21 17:12:17 - INFO - Выполнен клик по кнопке 'Дальше'
2025-03-21 17:12:26 - INFO - Успешный переход на следующую страницу. Новый URL: https://www.ozon.ru/product/prezervativy-unilatex-ultrathin-12-sht-3-sht-v-podarok-210502516/reviews/?page=2&page_key=CL64-4gIEgwI3v3cvgYQgLv51gIYBQ&sort=published_at_desc
2025-03-21 17:12:26 - INFO - Имитация прокрутки страницы человеком
2025-03-21 17:12:39 - INFO - Переход к обработке страницы отзывов #2
2025-03-21 17:12:40 - INFO - Обработка страницы отзывов #2
2025-03-21 17:12:40 - INFO - Сбор отзывов со страницы...
2025-03-21 17:12:40 - INFO - Текущий URL при сборе отзывов: https://www.ozon.ru/product/prezervativy-unilatex-ultrathin-12-sht-3-sht-v-podarok-210502516/reviews/?page=2&page_key=CL64-4gIEgwI3v3cvgYQgLv51gIYBQ&sort=published_at_desc
2025-03-21 17:12:41 - INFO - Найдены элементы отзывов на странице
2025-03-21 17:12:41 - INFO - Найдено 30 элементов с атрибутом data-review-uuid
2025-03-21 17:12:41 - INFO - Найдено 30 элементов отзывов на странице
2025-03-21 17:12:46 - INFO - Успешно собрано 30 отзывов со страницы
2025-03-21 17:12:46 - INFO - Собрано 30 отзывов на странице #2
2025-03-21 17:12:46 - INFO - Попытка перехода на следующую страницу отзывов
2025-03-21 17:12:46 - INFO - Поиск кнопки 'Дальше'...
2025-03-21 17:12:46 - INFO - Найдена кнопка 'Дальше' по селектору: div.b2122-a8:has-text("Дальше")
2025-03-21 17:12:46 - INFO - Нажимаю на кнопку 'Дальше'
2025-03-21 17:12:47 - INFO - Выполнен клик по кнопке 'Дальше'
2025-03-21 17:12:56 - INFO - Успешный переход на следующую страницу. Новый URL: https://www.ozon.ru/product/prezervativy-unilatex-ultrathin-12-sht-3-sht-v-podarok-210502516/reviews/?page=3&page_key=CL64-4gIEgwI3v3cvgYQgLv51gIYBQ&sort=published_at_desc
2025-03-21 17:12:56 - INFO - Имитация прокрутки страницы человеком
2025-03-21 17:13:08 - INFO - Переход к обработке страницы отзывов #3
2025-03-21 17:13:10 - INFO - Обработка страницы отзывов #3
2025-03-21 17:13:10 - INFO - Сбор отзывов со страницы...
2025-03-21 17:13:10 - INFO - Текущий URL при сборе отзывов: https://www.ozon.ru/product/prezervativy-unilatex-ultrathin-12-sht-3-sht-v-podarok-210502516/reviews/?page=3&page_key=CL64-4gIEgwI3v3cvgYQgLv51gIYBQ&sort=published_at_desc
2025-03-21 17:13:11 - INFO - Найдены элементы отзывов на странице
2025-03-21 17:13:11 - INFO - Найдено 30 элементов с атрибутом data-review-uuid
2025-03-21 17:13:11 - INFO - Найдено 30 элементов отзывов на странице
2025-03-21 17:13:16 - INFO - Успешно собрано 30 отзывов со страницы
2025-03-21 17:13:16 - INFO - Собрано 30 отзывов на странице #3
2025-03-21 17:13:16 - INFO - Попытка перехода на следующую страницу отзывов
2025-03-21 17:13:16 - INFO - Поиск кнопки 'Дальше'...
2025-03-21 17:13:16 - INFO - Найдена кнопка 'Дальше' по селектору: div.b2122-a8:has-text("Дальше")
2025-03-21 17:13:16 - INFO - Нажимаю на кнопку 'Дальше'
2025-03-21 17:13:17 - INFO - Выполнен клик по кнопке 'Дальше'
2025-03-21 17:13:25 - INFO - Успешный переход на следующую страницу. Новый URL: https://www.ozon.ru/product/prezervativy-unilatex-ultrathin-12-sht-3-sht-v-podarok-210502516/reviews/?page=4&page_key=CL64-4gIEgwI3v3cvgYQgLv51gIYBQ&sort=published_at_desc
2025-03-21 17:13:25 - INFO - Имитация прокрутки страницы человеком
2025-03-21 17:13:35 - INFO - Переход к обработке страницы отзывов #4
2025-03-21 17:13:36 - INFO - Обработка страницы отзывов #4
2025-03-21 17:13:36 - INFO - Сбор отзывов со страницы...
2025-03-21 17:13:37 - INFO - Текущий URL при сборе отзывов: https://www.ozon.ru/product/prezervativy-unilatex-ultrathin-12-sht-3-sht-v-podarok-210502516/reviews/?page=4&page_key=CL64-4gIEgwI3v3cvgYQgLv51gIYBQ&sort=published_at_desc
2025-03-21 17:13:38 - INFO - Найдены элементы отзывов на странице
2025-03-21 17:13:38 - INFO - Найдено 30 элементов с атрибутом data-review-uuid
2025-03-21 17:13:38 - INFO - Найдено 30 элементов отзывов на странице
2025-03-21 17:13:42 - INFO - Успешно собрано 30 отзывов со страницы
2025-03-21 17:13:42 - INFO - Собрано 30 отзывов на странице #4
2025-03-21 17:13:42 - INFO - Достигнут лимит в 100 отзывов (до фильтрации)
2025-03-21 17:13:42 - INFO - Всего собрано 121 отзывов со всех страниц (до фильтрации)
2025-03-21 17:13:42 - INFO - Обновлены метаданные для продукта 12
2025-03-21 17:13:42 - INFO - Обновлены метаданные для продукта 12
2025-03-21 17:13:42 - INFO - Обновлены метаданные для продукта 12
2025-03-21 17:13:42 - INFO - Обновлены метаданные для продукта 12
2025-03-21 17:13:42 - INFO - Обновлены метаданные для продукта 12
2025-03-21 17:13:42 - INFO - Обновлены метаданные для продукта 12
2025-03-21 17:13:42 - INFO - Обновлены метаданные для продукта 12
2025-03-21 17:13:42 - INFO - Обновлены метаданные для продукта 12
2025-03-21 17:13:42 - INFO - Обновлены метаданные для продукта 12
2025-03-21 17:13:42 - INFO - Обновлены метаданные для продукта 12
2025-03-21 17:13:42 - INFO - Обновлены метаданные для продукта 12
2025-03-21 17:13:42 - INFO - Обновлены метаданные для продукта 12
2025-03-21 17:13:42 - INFO - Обновлены метаданные для продукта 12
2025-03-21 17:13:42 - INFO - Обновлены метаданные для продукта 12
2025-03-21 17:13:42 - INFO - Обновлены метаданные для продукта 12
2025-03-21 17:13:42 - INFO - Обновлены метаданные для продукта 12
2025-03-21 17:13:42 - INFO - Обновлены метаданные для продукта 12
2025-03-21 17:13:42 - INFO - Обновлены метаданные для продукта 12
2025-03-21 17:13:42 - INFO - Обновлены метаданные для продукта 12
2025-03-21 17:13:42 - INFO - Обновлены метаданные для продукта 12
2025-03-21 17:13:42 - INFO - Обновлены метаданные для продукта 12
2025-03-21 17:13:42 - INFO - Обновлены метаданные для продукта 12
2025-03-21 17:13:42 - INFO - Обновлены метаданные для продукта 12
2025-03-21 17:13:42 - INFO - Обновлены метаданные для продукта 12
2025-03-21 17:13:42 - INFO - Обновлены метаданные для продукта 12
2025-03-21 17:13:42 - INFO - Обновлены метаданные для продукта 12
2025-03-21 17:13:42 - INFO - Обновлены метаданные для продукта 12
2025-03-21 17:13:42 - INFO - Обновлены метаданные для продукта 12
2025-03-21 17:13:42 - INFO - Обновлены метаданные для продукта 12
2025-03-21 17:13:42 - INFO - Обновлены метаданные для продукта 12
2025-03-21 17:13:42 - INFO - Обновлены метаданные для продукта 12
2025-03-21 17:13:42 - INFO - Обновлены метаданные для продукта 12
2025-03-21 17:13:42 - INFO - Обновлены метаданные для продукта 12
2025-03-21 17:13:42 - INFO - Обновлены метаданные для продукта 12
2025-03-21 17:13:42 - INFO - Обновлены метаданные для продукта 12
2025-03-21 17:13:42 - INFO - Обновлены метаданные для продукта 12
2025-03-21 17:13:42 - INFO - Обновлены метаданные для продукта 12
2025-03-21 17:13:42 - INFO - Обновлены метаданные для продукта 12
2025-03-21 17:13:42 - INFO - Обновлены метаданные для продукта 12
2025-03-21 17:13:42 - INFO - Обновлены метаданные для продукта 12
2025-03-21 17:13:42 - INFO - Обновлены метаданные для продукта 12
2025-03-21 17:13:42 - INFO - Обновлены метаданные для продукта 12
2025-03-21 17:13:42 - INFO - Обновлены метаданные для продукта 12
2025-03-21 17:13:42 - INFO - Обновлены метаданные для продукта 12
2025-03-21 17:13:42 - INFO - Обновлены метаданные для продукта 12
2025-03-21 17:13:42 - INFO - Обновлены метаданные для продукта 12
2025-03-21 17:13:42 - INFO - Обновлены метаданные для продукта 12
2025-03-21 17:13:42 - INFO - Обновлены метаданные для продукта 12
2025-03-21 17:13:42 - INFO - Обновлены метаданные для продукта 12
2025-03-21 17:13:42 - INFO - Обновлены метаданные для продукта 12
2025-03-21 17:13:42 - INFO - Обновлены метаданные для продукта 12
2025-03-21 17:13:42 - INFO - Обновлены метаданные для продукта 12
2025-03-21 17:13:42 - INFO - Обновлены метаданные для продукта 12
2025-03-21 17:13:42 - INFO - Обновлены метаданные для продукта 12
2025-03-21 17:13:42 - INFO - Обновлены метаданные для продукта 12
2025-03-21 17:13:42 - INFO - Обновлены метаданные для продукта 12
2025-03-21 17:13:42 - INFO - Обновлены метаданные для продукта 12
2025-03-21 17:13:42 - INFO - Обновлены метаданные для продукта 12
2025-03-21 17:13:42 - INFO - Обновлены метаданные для продукта 12
2025-03-21 17:13:42 - INFO - Обновлены метаданные для продукта 12
2025-03-21 17:13:42 - INFO - Обновлены метаданные для продукта 12
2025-03-21 17:13:42 - INFO - Обновлены метаданные для продукта 12
2025-03-21 17:13:42 - INFO - Обновлены метаданные для продукта 12
2025-03-21 17:13:42 - INFO - Обновлены метаданные для продукта 12
2025-03-21 17:13:42 - INFO - Обновлены метаданные для продукта 12
2025-03-21 17:13:42 - INFO - Обновлены метаданные для продукта 12
2025-03-21 17:13:42 - INFO - Обновлены метаданные для продукта 12
2025-03-21 17:13:42 - INFO - Обновлены метаданные для продукта 12
2025-03-21 17:13:42 - INFO - Обновлены метаданные для продукта 12
2025-03-21 17:13:42 - INFO - Обновлены метаданные для продукта 12
2025-03-21 17:13:42 - INFO - Обновлены метаданные для продукта 12
2025-03-21 17:13:42 - INFO - Обновлены метаданные для продукта 12
2025-03-21 17:13:42 - INFO - Обновлены метаданные для продукта 12
2025-03-21 17:13:42 - INFO - Обновлены метаданные для продукта 12
2025-03-21 17:13:42 - INFO - Обновлены метаданные для продукта 12
2025-03-21 17:13:42 - INFO - Обновлены метаданные для продукта 12
2025-03-21 17:13:42 - INFO - Обновлены метаданные для продукта 12
2025-03-21 17:13:42 - INFO - Обновлены метаданные для продукта 12
2025-03-21 17:13:42 - INFO - Обновлены метаданные для продукта 12
2025-03-21 17:13:42 - INFO - Обновлены метаданные для продукта 12
2025-03-21 17:13:42 - INFO - Обновлены метаданные для продукта 12
2025-03-21 17:13:42 - INFO - Обновлены метаданные для продукта 12
2025-03-21 17:13:42 - INFO - Обновлены метаданные для продукта 12
2025-03-21 17:13:42 - INFO - Обновлены метаданные для продукта 12
2025-03-21 17:13:42 - INFO - Обновлены метаданные для продукта 12
2025-03-21 17:13:42 - INFO - Обновлены метаданные для продукта 12
2025-03-21 17:13:42 - INFO - Обновлены метаданные для продукта 12
2025-03-21 17:13:42 - INFO - Обновлены метаданные для продукта 12
2025-03-21 17:13:42 - INFO - Обновлены метаданные для продукта 12
2025-03-21 17:13:42 - INFO - Обновлены метаданные для продукта 12
2025-03-21 17:13:42 - INFO - Обновлены метаданные для продукта 12
2025-03-21 17:13:42 - INFO - Обновлены метаданные для продукта 12
2025-03-21 17:13:42 - INFO - Обновлены метаданные для продукта 12
2025-03-21 17:13:42 - INFO - Обновлены метаданные для продукта 12
2025-03-21 17:13:42 - INFO - Обновлены метаданные для продукта 12
2025-03-21 17:13:42 - INFO - Обновлены метаданные для продукта 12
2025-03-21 17:13:42 - INFO - Обновлены метаданные для продукта 12
2025-03-21 17:13:42 - INFO - Обновлены метаданные для продукта 12
2025-03-21 17:13:42 - INFO - Обновлены метаданные для продукта 12
2025-03-21 17:13:42 - INFO - Обновлены метаданные для продукта 12
2025-03-21 17:13:42 - INFO - Обновлены метаданные для продукта 12
2025-03-21 17:13:42 - INFO - Обновлены метаданные для продукта 12
2025-03-21 17:13:42 - INFO - Обновлены метаданные для продукта 12
2025-03-21 17:13:42 - INFO - Обновлены метаданные для продукта 12
2025-03-21 17:13:42 - INFO - Обновлены метаданные для продукта 12
2025-03-21 17:13:42 - INFO - Обновлены метаданные для продукта 12
2025-03-21 17:13:42 - INFO - Обновлены метаданные для продукта 12
2025-03-21 17:13:42 - INFO - Обновлены метаданные для продукта 12
2025-03-21 17:13:42 - INFO - Обновлены метаданные для продукта 12
2025-03-21 17:13:42 - INFO - Обновлены метаданные для продукта 12
2025-03-21 17:13:42 - INFO - Обновлены метаданные для продукта 12
2025-03-21 17:13:42 - INFO - Обновлены метаданные для продукта 12
2025-03-21 17:13:42 - INFO - Обновлены метаданные для продукта 12
2025-03-21 17:13:42 - INFO - Обновлены метаданные для продукта 12
2025-03-21 17:13:42 - INFO - Обновлены метаданные для продукта 12
2025-03-21 17:13:42 - INFO - Обновлены метаданные для продукта 12
2025-03-21 17:13:42 - INFO - Обновлены метаданные для продукта 12
2025-03-21 17:13:42 - INFO - Обновлены метаданные для продукта 12
2025-03-21 17:13:42 - INFO - Обновлены метаданные для продукта 12
2025-03-21 17:13:42 - INFO - Обновлены метаданные для продукта 12
2025-03-21 17:13:42 - INFO - Обновлены метаданные для продукта 12
2025-03-21 17:13:42 - INFO - Сохранено 121 новых отзывов из 121 собранных
2025-03-21 17:13:42 - INFO -   Собрано отзывов: 121
2025-03-21 17:13:47 - INFO - Парсинг завершен. Всего собрано 121 отзывов со всех товаров
2025-03-21 17:13:47 - INFO - Общее время выполнения: 123.44 секунд
